<?xml version="1.0" encoding="UTF-8"?>
<beans xmlns="http://www.springframework.org/schema/beans"
	xmlns:xsi="http://www.w3.org/2001/XMLSchema-instance" xmlns:aop="http://www.springframework.org/schema/aop"
	xmlns:tx="http://www.springframework.org/schema/tx"
	xsi:schemaLocation="http://www.springframework.org/schema/beans
              http://www.springframework.org/schema/beans/spring-beans-3.0.xsd
              http://www.springframework.org/schema/aop
              http://www.springframework.org/schema/aop/spring-aop-3.0.xsd
              http://www.springframework.org/schema/tx
              http://www.springframework.org/schema/tx/spring-tx-2.5.xsd">
	<bean id="testUserService"
		class="springbook.user.service.UserServiceTest$TestUserServiceImpl"
		parent="userService"></bean>
	<tx:annotation-driven />
	<tx:advice id="transactionAdvice">
		<tx:attributes>
			<tx:method name="*" />
		</tx:attributes>
	</tx:advice>
	<bean
		class="org.springframework.aop.framework.autoproxy.DefaultAdvisorAutoProxyCreator"></bean>
	<aop:config>
		<aop:advisor advice-ref="transactionAdvice" pointcut="bean(*Service)" />
	</aop:config>
	<bean id="userService" class="springbook.user.service.UserServiceImpl">
		<property name="userDao" ref="userDao" />
		<property name="mailSender" ref="mailSender" />
	</bean>
	<bean id="mailSender" class="springbook.user.service.DummyMailSender" />
	<bean id="transactionManager"
		class="org.springframework.jdbc.datasource.DataSourceTransactionManager">
		<property name="dataSource" ref="dataSource" />
	</bean>
	<bean id="userDao" class="springbook.user.dao.UserDaoJdbc">
		<property name="dataSource" ref="dataSource" />
		<property name="sqlService" ref="sqlService"></property>
	</bean>
	<bean id="sqlService" class="springbook.user.sqlservice.SimpleSqlService">
		<property name="sqlMap">
			<map>
				<entry key="userAdd"
					value="insert into users(id, name, password, level, login, 
					recommend, email) values (?,?,?,?,?,?,?)"></entry>
				<entry key="userGet" value="select * from users where id = ?"></entry>
				<entry key="userDeleteAll" value="delete from users"></entry>
				<entry key="userGetCount" value="select count(*) from users"></entry>
				<entry key="userGetAll" value="select * from users order by id"></entry>
				<entry key="userUpdate" value="update users set name = ?, password = ?, 
				    level = ?, login = ?, recommend = ?, email = ? where id = ?"></entry>
			</map>
		</property>
	</bean>
	<bean id="dataSource"
		class="org.springframework.jdbc.datasource.SimpleDriverDataSource">
		<property name="driverClass" value="com.mysql.jdbc.Driver"></property>
		<property name="url"
			value="jdbc:mysql://localhost/testdb?useUnicode=true&amp;characterEncoding=UTF8&amp;jdbcCompliantTruncation=false&amp;useOldUTF8Behavior=true"></property>
		<property name="username" value="spring"></property>
		<property name="password" value="book"></property>
	</bean>

</beans>
